Copyright 1986-2018 Xilinx, Inc. All Rights Reserved.
-------------------------------------------------------------------------------------------------------------------------------------------------------
| Tool Version     : Vivado v.2018.2 (lin64) Build 2258646 Thu Jun 14 20:02:38 MDT 2018
| Date             : Tue Mar 31 01:39:38 2020
| Host             : rochor-Swift-SF315-51G running 64-bit Linux Mint 19.3 Tricia
| Command          : report_power -file Top_Student_power_routed.rpt -pb Top_Student_power_summary_routed.pb -rpx Top_Student_power_routed.rpx
| Design           : Top_Student
| Device           : xc7a35tcpg236-1
| Design State     : routed
| Grade            : commercial
| Process          : typical
| Characterization : Production
-------------------------------------------------------------------------------------------------------------------------------------------------------

Power Report

Table of Contents
-----------------
1. Summary
1.1 On-Chip Components
1.2 Power Supply Summary
1.3 Confidence Level
2. Settings
2.1 Environment
2.2 Clock Constraints
3. Detailed Reports
3.1 By Hierarchy

1. Summary
----------

+--------------------------+--------------+
| Total On-Chip Power (W)  | 0.126        |
| Design Power Budget (W)  | Unspecified* |
| Power Budget Margin (W)  | NA           |
| Dynamic (W)              | 0.053        |
| Device Static (W)        | 0.073        |
| Effective TJA (C/W)      | 5.0          |
| Max Ambient (C)          | 84.4         |
| Junction Temperature (C) | 25.6         |
| Confidence Level         | Low          |
| Setting File             | ---          |
| Simulation Activity File | ---          |
| Design Nets Matched      | NA           |
+--------------------------+--------------+
* Specify Design Power Budget using, set_operating_conditions -design_power_budget <value in Watts>


1.1 On-Chip Components
----------------------

+--------------------------+-----------+----------+-----------+-----------------+
| On-Chip                  | Power (W) | Used     | Available | Utilization (%) |
+--------------------------+-----------+----------+-----------+-----------------+
| Clocks                   |     0.004 |        3 |       --- |             --- |
| Slice Logic              |     0.004 |     7648 |       --- |             --- |
|   LUT as Logic           |     0.003 |     1510 |     20800 |            7.26 |
|   CARRY4                 |    <0.001 |      109 |      8150 |            1.34 |
|   Register               |    <0.001 |      672 |     41600 |            1.62 |
|   BUFG                   |    <0.001 |        2 |        32 |            6.25 |
|   F7/F8 Muxes            |    <0.001 |     1920 |     32600 |            5.89 |
|   LUT as Distributed RAM |    <0.001 |     3200 |      9600 |           33.33 |
|   Others                 |     0.000 |       25 |       --- |             --- |
| Signals                  |     0.009 |     3502 |       --- |             --- |
| Block RAM                |     0.002 |       20 |        50 |           40.00 |
| I/O                      |     0.034 |       61 |       106 |           57.55 |
| Static Power             |     0.073 |          |           |                 |
| Total                    |     0.126 |          |           |                 |
+--------------------------+-----------+----------+-----------+-----------------+


1.2 Power Supply Summary
------------------------

+-----------+-------------+-----------+-------------+------------+
| Source    | Voltage (V) | Total (A) | Dynamic (A) | Static (A) |
+-----------+-------------+-----------+-------------+------------+
| Vccint    |       1.000 |     0.029 |       0.019 |      0.010 |
| Vccaux    |       1.800 |     0.014 |       0.001 |      0.013 |
| Vcco33    |       3.300 |     0.011 |       0.010 |      0.001 |
| Vcco25    |       2.500 |     0.000 |       0.000 |      0.000 |
| Vcco18    |       1.800 |     0.000 |       0.000 |      0.000 |
| Vcco15    |       1.500 |     0.000 |       0.000 |      0.000 |
| Vcco135   |       1.350 |     0.000 |       0.000 |      0.000 |
| Vcco12    |       1.200 |     0.000 |       0.000 |      0.000 |
| Vccaux_io |       1.800 |     0.000 |       0.000 |      0.000 |
| Vccbram   |       1.000 |     0.001 |       0.000 |      0.001 |
| MGTAVcc   |       1.000 |     0.000 |       0.000 |      0.000 |
| MGTAVtt   |       1.200 |     0.000 |       0.000 |      0.000 |
| Vccadc    |       1.800 |     0.020 |       0.000 |      0.020 |
+-----------+-------------+-----------+-------------+------------+


1.3 Confidence Level
--------------------

+-----------------------------+------------+--------------------------------------------------------+--------------------------------------------------------------------------------------------------------------------+
| User Input Data             | Confidence | Details                                                | Action                                                                                                             |
+-----------------------------+------------+--------------------------------------------------------+--------------------------------------------------------------------------------------------------------------------+
| Design implementation state | High       | Design is routed                                       |                                                                                                                    |
| Clock nodes activity        | Low        | User specified less than 75% of clocks                 | Provide missing clock activity with a constraint file, simulation results or by editing the "By Clock Domain" view |
| I/O nodes activity          | Low        | More than 75% of inputs are missing user specification | Provide missing input activity with simulation results or by editing the "By Resource Type -> I/Os" view           |
| Internal nodes activity     | Medium     | User specified less than 25% of internal nodes         | Provide missing internal nodes activity with simulation results or by editing the "By Resource Type" views         |
| Device models               | High       | Device models are Production                           |                                                                                                                    |
|                             |            |                                                        |                                                                                                                    |
| Overall confidence level    | Low        |                                                        |                                                                                                                    |
+-----------------------------+------------+--------------------------------------------------------+--------------------------------------------------------------------------------------------------------------------+


2. Settings
-----------

2.1 Environment
---------------

+-----------------------+--------------------------+
| Ambient Temp (C)      | 25.0                     |
| ThetaJA (C/W)         | 5.0                      |
| Airflow (LFM)         | 250                      |
| Heat Sink             | medium (Medium Profile)  |
| ThetaSA (C/W)         | 4.6                      |
| Board Selection       | medium (10"x10")         |
| # of Board Layers     | 12to15 (12 to 15 Layers) |
| Board Temperature (C) | 25.0                     |
+-----------------------+--------------------------+


2.2 Clock Constraints
---------------------

+-------------+-----------+-----------------+
| Clock       | Domain    | Constraint (ns) |
+-------------+-----------+-----------------+
| sys_clk_pin | CLK100MHZ |            10.0 |
+-------------+-----------+-----------------+


3. Detailed Reports
-------------------

3.1 By Hierarchy
----------------

+-------------------------------------+-----------+
| Name                                | Power (W) |
+-------------------------------------+-----------+
| Top_Student                         |     0.053 |
|   ac                                |    <0.001 |
|   bl                                |    <0.001 |
|     c1                              |    <0.001 |
|     dff1                            |     0.000 |
|     dff2                            |     0.000 |
|   control1                          |     0.002 |
|     ovd                             |     0.001 |
|     sd                              |    <0.001 |
|       c200                          |    <0.001 |
|   control2                          |     0.005 |
|     cpu_instance                    |     0.004 |
|     oled_buffer_reg_0_127_0_0       |    <0.001 |
|     oled_buffer_reg_0_127_10_10     |     0.000 |
|     oled_buffer_reg_0_127_11_11     |     0.000 |
|     oled_buffer_reg_0_127_12_12     |     0.000 |
|     oled_buffer_reg_0_127_13_13     |     0.000 |
|     oled_buffer_reg_0_127_14_14     |     0.000 |
|     oled_buffer_reg_0_127_15_15     |     0.000 |
|     oled_buffer_reg_0_127_1_1       |     0.000 |
|     oled_buffer_reg_0_127_2_2       |     0.000 |
|     oled_buffer_reg_0_127_3_3       |     0.000 |
|     oled_buffer_reg_0_127_4_4       |     0.000 |
|     oled_buffer_reg_0_127_5_5       |     0.000 |
|     oled_buffer_reg_0_127_6_6       |     0.000 |
|     oled_buffer_reg_0_127_7_7       |     0.000 |
|     oled_buffer_reg_0_127_8_8       |     0.000 |
|     oled_buffer_reg_0_127_9_9       |     0.000 |
|     oled_buffer_reg_1024_1151_0_0   |    <0.001 |
|     oled_buffer_reg_1024_1151_10_10 |     0.000 |
|     oled_buffer_reg_1024_1151_11_11 |     0.000 |
|     oled_buffer_reg_1024_1151_12_12 |     0.000 |
|     oled_buffer_reg_1024_1151_13_13 |     0.000 |
|     oled_buffer_reg_1024_1151_14_14 |     0.000 |
|     oled_buffer_reg_1024_1151_15_15 |     0.000 |
|     oled_buffer_reg_1024_1151_1_1   |     0.000 |
|     oled_buffer_reg_1024_1151_2_2   |     0.000 |
|     oled_buffer_reg_1024_1151_3_3   |     0.000 |
|     oled_buffer_reg_1024_1151_4_4   |     0.000 |
|     oled_buffer_reg_1024_1151_5_5   |     0.000 |
|     oled_buffer_reg_1024_1151_6_6   |     0.000 |
|     oled_buffer_reg_1024_1151_7_7   |     0.000 |
|     oled_buffer_reg_1024_1151_8_8   |     0.000 |
|     oled_buffer_reg_1024_1151_9_9   |     0.000 |
|     oled_buffer_reg_1152_1279_0_0   |    <0.001 |
|     oled_buffer_reg_1152_1279_10_10 |     0.000 |
|     oled_buffer_reg_1152_1279_11_11 |     0.000 |
|     oled_buffer_reg_1152_1279_12_12 |     0.000 |
|     oled_buffer_reg_1152_1279_13_13 |     0.000 |
|     oled_buffer_reg_1152_1279_14_14 |     0.000 |
|     oled_buffer_reg_1152_1279_15_15 |     0.000 |
|     oled_buffer_reg_1152_1279_1_1   |     0.000 |
|     oled_buffer_reg_1152_1279_2_2   |     0.000 |
|     oled_buffer_reg_1152_1279_3_3   |     0.000 |
|     oled_buffer_reg_1152_1279_4_4   |     0.000 |
|     oled_buffer_reg_1152_1279_5_5   |     0.000 |
|     oled_buffer_reg_1152_1279_6_6   |     0.000 |
|     oled_buffer_reg_1152_1279_7_7   |     0.000 |
|     oled_buffer_reg_1152_1279_8_8   |     0.000 |
|     oled_buffer_reg_1152_1279_9_9   |     0.000 |
|     oled_buffer_reg_1280_1407_0_0   |    <0.001 |
|     oled_buffer_reg_1280_1407_10_10 |     0.000 |
|     oled_buffer_reg_1280_1407_11_11 |     0.000 |
|     oled_buffer_reg_1280_1407_12_12 |     0.000 |
|     oled_buffer_reg_1280_1407_13_13 |     0.000 |
|     oled_buffer_reg_1280_1407_14_14 |     0.000 |
|     oled_buffer_reg_1280_1407_15_15 |     0.000 |
|     oled_buffer_reg_1280_1407_1_1   |     0.000 |
|     oled_buffer_reg_1280_1407_2_2   |     0.000 |
|     oled_buffer_reg_1280_1407_3_3   |     0.000 |
|     oled_buffer_reg_1280_1407_4_4   |     0.000 |
|     oled_buffer_reg_1280_1407_5_5   |     0.000 |
|     oled_buffer_reg_1280_1407_6_6   |     0.000 |
|     oled_buffer_reg_1280_1407_7_7   |     0.000 |
|     oled_buffer_reg_1280_1407_8_8   |     0.000 |
|     oled_buffer_reg_1280_1407_9_9   |     0.000 |
|     oled_buffer_reg_128_255_0_0     |    <0.001 |
|     oled_buffer_reg_128_255_10_10   |     0.000 |
|     oled_buffer_reg_128_255_11_11   |     0.000 |
|     oled_buffer_reg_128_255_12_12   |     0.000 |
|     oled_buffer_reg_128_255_13_13   |     0.000 |
|     oled_buffer_reg_128_255_14_14   |     0.000 |
|     oled_buffer_reg_128_255_15_15   |     0.000 |
|     oled_buffer_reg_128_255_1_1     |     0.000 |
|     oled_buffer_reg_128_255_2_2     |     0.000 |
|     oled_buffer_reg_128_255_3_3     |     0.000 |
|     oled_buffer_reg_128_255_4_4     |     0.000 |
|     oled_buffer_reg_128_255_5_5     |     0.000 |
|     oled_buffer_reg_128_255_6_6     |     0.000 |
|     oled_buffer_reg_128_255_7_7     |     0.000 |
|     oled_buffer_reg_128_255_8_8     |     0.000 |
|     oled_buffer_reg_128_255_9_9     |     0.000 |
|     oled_buffer_reg_1408_1535_0_0   |    <0.001 |
|     oled_buffer_reg_1408_1535_10_10 |     0.000 |
|     oled_buffer_reg_1408_1535_11_11 |     0.000 |
|     oled_buffer_reg_1408_1535_12_12 |     0.000 |
|     oled_buffer_reg_1408_1535_13_13 |     0.000 |
|     oled_buffer_reg_1408_1535_14_14 |     0.000 |
|     oled_buffer_reg_1408_1535_15_15 |     0.000 |
|     oled_buffer_reg_1408_1535_1_1   |     0.000 |
|     oled_buffer_reg_1408_1535_2_2   |     0.000 |
|     oled_buffer_reg_1408_1535_3_3   |     0.000 |
|     oled_buffer_reg_1408_1535_4_4   |     0.000 |
|     oled_buffer_reg_1408_1535_5_5   |     0.000 |
|     oled_buffer_reg_1408_1535_6_6   |     0.000 |
|     oled_buffer_reg_1408_1535_7_7   |     0.000 |
|     oled_buffer_reg_1408_1535_8_8   |     0.000 |
|     oled_buffer_reg_1408_1535_9_9   |     0.000 |
|     oled_buffer_reg_1536_1663_0_0   |    <0.001 |
|     oled_buffer_reg_1536_1663_10_10 |     0.000 |
|     oled_buffer_reg_1536_1663_11_11 |     0.000 |
|     oled_buffer_reg_1536_1663_12_12 |     0.000 |
|     oled_buffer_reg_1536_1663_13_13 |     0.000 |
|     oled_buffer_reg_1536_1663_14_14 |     0.000 |
|     oled_buffer_reg_1536_1663_15_15 |     0.000 |
|     oled_buffer_reg_1536_1663_1_1   |     0.000 |
|     oled_buffer_reg_1536_1663_2_2   |     0.000 |
|     oled_buffer_reg_1536_1663_3_3   |     0.000 |
|     oled_buffer_reg_1536_1663_4_4   |     0.000 |
|     oled_buffer_reg_1536_1663_5_5   |     0.000 |
|     oled_buffer_reg_1536_1663_6_6   |     0.000 |
|     oled_buffer_reg_1536_1663_7_7   |     0.000 |
|     oled_buffer_reg_1536_1663_8_8   |     0.000 |
|     oled_buffer_reg_1536_1663_9_9   |     0.000 |
|     oled_buffer_reg_1664_1791_0_0   |    <0.001 |
|     oled_buffer_reg_1664_1791_10_10 |     0.000 |
|     oled_buffer_reg_1664_1791_11_11 |     0.000 |
|     oled_buffer_reg_1664_1791_12_12 |     0.000 |
|     oled_buffer_reg_1664_1791_13_13 |     0.000 |
|     oled_buffer_reg_1664_1791_14_14 |     0.000 |
|     oled_buffer_reg_1664_1791_15_15 |     0.000 |
|     oled_buffer_reg_1664_1791_1_1   |     0.000 |
|     oled_buffer_reg_1664_1791_2_2   |     0.000 |
|     oled_buffer_reg_1664_1791_3_3   |     0.000 |
|     oled_buffer_reg_1664_1791_4_4   |     0.000 |
|     oled_buffer_reg_1664_1791_5_5   |     0.000 |
|     oled_buffer_reg_1664_1791_6_6   |     0.000 |
|     oled_buffer_reg_1664_1791_7_7   |     0.000 |
|     oled_buffer_reg_1664_1791_8_8   |     0.000 |
|     oled_buffer_reg_1664_1791_9_9   |     0.000 |
|     oled_buffer_reg_1792_1919_0_0   |    <0.001 |
|     oled_buffer_reg_1792_1919_10_10 |     0.000 |
|     oled_buffer_reg_1792_1919_11_11 |     0.000 |
|     oled_buffer_reg_1792_1919_12_12 |     0.000 |
|     oled_buffer_reg_1792_1919_13_13 |     0.000 |
|     oled_buffer_reg_1792_1919_14_14 |     0.000 |
|     oled_buffer_reg_1792_1919_15_15 |     0.000 |
|     oled_buffer_reg_1792_1919_1_1   |     0.000 |
|     oled_buffer_reg_1792_1919_2_2   |     0.000 |
|     oled_buffer_reg_1792_1919_3_3   |     0.000 |
|     oled_buffer_reg_1792_1919_4_4   |     0.000 |
|     oled_buffer_reg_1792_1919_5_5   |     0.000 |
|     oled_buffer_reg_1792_1919_6_6   |     0.000 |
|     oled_buffer_reg_1792_1919_7_7   |     0.000 |
|     oled_buffer_reg_1792_1919_8_8   |     0.000 |
|     oled_buffer_reg_1792_1919_9_9   |     0.000 |
|     oled_buffer_reg_1920_2047_0_0   |    <0.001 |
|     oled_buffer_reg_1920_2047_10_10 |     0.000 |
|     oled_buffer_reg_1920_2047_11_11 |     0.000 |
|     oled_buffer_reg_1920_2047_12_12 |     0.000 |
|     oled_buffer_reg_1920_2047_13_13 |     0.000 |
|     oled_buffer_reg_1920_2047_14_14 |     0.000 |
|     oled_buffer_reg_1920_2047_15_15 |     0.000 |
|     oled_buffer_reg_1920_2047_1_1   |     0.000 |
|     oled_buffer_reg_1920_2047_2_2   |     0.000 |
|     oled_buffer_reg_1920_2047_3_3   |     0.000 |
|     oled_buffer_reg_1920_2047_4_4   |     0.000 |
|     oled_buffer_reg_1920_2047_5_5   |     0.000 |
|     oled_buffer_reg_1920_2047_6_6   |     0.000 |
|     oled_buffer_reg_1920_2047_7_7   |     0.000 |
|     oled_buffer_reg_1920_2047_8_8   |     0.000 |
|     oled_buffer_reg_1920_2047_9_9   |     0.000 |
|     oled_buffer_reg_2048_2175_0_0   |    <0.001 |
|     oled_buffer_reg_2048_2175_10_10 |     0.000 |
|     oled_buffer_reg_2048_2175_11_11 |     0.000 |
|     oled_buffer_reg_2048_2175_12_12 |     0.000 |
|     oled_buffer_reg_2048_2175_13_13 |     0.000 |
|     oled_buffer_reg_2048_2175_14_14 |     0.000 |
|     oled_buffer_reg_2048_2175_15_15 |     0.000 |
|     oled_buffer_reg_2048_2175_1_1   |     0.000 |
|     oled_buffer_reg_2048_2175_2_2   |     0.000 |
|     oled_buffer_reg_2048_2175_3_3   |     0.000 |
|     oled_buffer_reg_2048_2175_4_4   |     0.000 |
|     oled_buffer_reg_2048_2175_5_5   |     0.000 |
|     oled_buffer_reg_2048_2175_6_6   |     0.000 |
|     oled_buffer_reg_2048_2175_7_7   |     0.000 |
|     oled_buffer_reg_2048_2175_8_8   |     0.000 |
|     oled_buffer_reg_2048_2175_9_9   |     0.000 |
|     oled_buffer_reg_2176_2303_0_0   |    <0.001 |
|     oled_buffer_reg_2176_2303_10_10 |     0.000 |
|     oled_buffer_reg_2176_2303_11_11 |     0.000 |
|     oled_buffer_reg_2176_2303_12_12 |     0.000 |
|     oled_buffer_reg_2176_2303_13_13 |     0.000 |
|     oled_buffer_reg_2176_2303_14_14 |     0.000 |
|     oled_buffer_reg_2176_2303_15_15 |     0.000 |
|     oled_buffer_reg_2176_2303_1_1   |     0.000 |
|     oled_buffer_reg_2176_2303_2_2   |     0.000 |
|     oled_buffer_reg_2176_2303_3_3   |     0.000 |
|     oled_buffer_reg_2176_2303_4_4   |     0.000 |
|     oled_buffer_reg_2176_2303_5_5   |     0.000 |
|     oled_buffer_reg_2176_2303_6_6   |     0.000 |
|     oled_buffer_reg_2176_2303_7_7   |     0.000 |
|     oled_buffer_reg_2176_2303_8_8   |     0.000 |
|     oled_buffer_reg_2176_2303_9_9   |     0.000 |
|     oled_buffer_reg_2304_2431_0_0   |    <0.001 |
|     oled_buffer_reg_2304_2431_10_10 |     0.000 |
|     oled_buffer_reg_2304_2431_11_11 |     0.000 |
|     oled_buffer_reg_2304_2431_12_12 |     0.000 |
|     oled_buffer_reg_2304_2431_13_13 |     0.000 |
|     oled_buffer_reg_2304_2431_14_14 |     0.000 |
|     oled_buffer_reg_2304_2431_15_15 |     0.000 |
|     oled_buffer_reg_2304_2431_1_1   |     0.000 |
|     oled_buffer_reg_2304_2431_2_2   |     0.000 |
|     oled_buffer_reg_2304_2431_3_3   |     0.000 |
|     oled_buffer_reg_2304_2431_4_4   |     0.000 |
|     oled_buffer_reg_2304_2431_5_5   |     0.000 |
|     oled_buffer_reg_2304_2431_6_6   |     0.000 |
|     oled_buffer_reg_2304_2431_7_7   |     0.000 |
|     oled_buffer_reg_2304_2431_8_8   |     0.000 |
|     oled_buffer_reg_2304_2431_9_9   |     0.000 |
|     oled_buffer_reg_2432_2559_0_0   |    <0.001 |
|     oled_buffer_reg_2432_2559_10_10 |     0.000 |
|     oled_buffer_reg_2432_2559_11_11 |     0.000 |
|     oled_buffer_reg_2432_2559_12_12 |     0.000 |
|     oled_buffer_reg_2432_2559_13_13 |     0.000 |
|     oled_buffer_reg_2432_2559_14_14 |     0.000 |
|     oled_buffer_reg_2432_2559_15_15 |     0.000 |
|     oled_buffer_reg_2432_2559_1_1   |     0.000 |
|     oled_buffer_reg_2432_2559_2_2   |     0.000 |
|     oled_buffer_reg_2432_2559_3_3   |     0.000 |
|     oled_buffer_reg_2432_2559_4_4   |     0.000 |
|     oled_buffer_reg_2432_2559_5_5   |     0.000 |
|     oled_buffer_reg_2432_2559_6_6   |     0.000 |
|     oled_buffer_reg_2432_2559_7_7   |     0.000 |
|     oled_buffer_reg_2432_2559_8_8   |     0.000 |
|     oled_buffer_reg_2432_2559_9_9   |     0.000 |
|     oled_buffer_reg_2560_2687_0_0   |    <0.001 |
|     oled_buffer_reg_2560_2687_10_10 |     0.000 |
|     oled_buffer_reg_2560_2687_11_11 |     0.000 |
|     oled_buffer_reg_2560_2687_12_12 |     0.000 |
|     oled_buffer_reg_2560_2687_13_13 |     0.000 |
|     oled_buffer_reg_2560_2687_14_14 |     0.000 |
|     oled_buffer_reg_2560_2687_15_15 |     0.000 |
|     oled_buffer_reg_2560_2687_1_1   |     0.000 |
|     oled_buffer_reg_2560_2687_2_2   |     0.000 |
|     oled_buffer_reg_2560_2687_3_3   |     0.000 |
|     oled_buffer_reg_2560_2687_4_4   |     0.000 |
|     oled_buffer_reg_2560_2687_5_5   |     0.000 |
|     oled_buffer_reg_2560_2687_6_6   |     0.000 |
|     oled_buffer_reg_2560_2687_7_7   |     0.000 |
|     oled_buffer_reg_2560_2687_8_8   |     0.000 |
|     oled_buffer_reg_2560_2687_9_9   |     0.000 |
|     oled_buffer_reg_256_383_0_0     |    <0.001 |
|     oled_buffer_reg_256_383_10_10   |     0.000 |
|     oled_buffer_reg_256_383_11_11   |     0.000 |
|     oled_buffer_reg_256_383_12_12   |     0.000 |
|     oled_buffer_reg_256_383_13_13   |     0.000 |
|     oled_buffer_reg_256_383_14_14   |     0.000 |
|     oled_buffer_reg_256_383_15_15   |     0.000 |
|     oled_buffer_reg_256_383_1_1     |     0.000 |
|     oled_buffer_reg_256_383_2_2     |     0.000 |
|     oled_buffer_reg_256_383_3_3     |     0.000 |
|     oled_buffer_reg_256_383_4_4     |     0.000 |
|     oled_buffer_reg_256_383_5_5     |     0.000 |
|     oled_buffer_reg_256_383_6_6     |     0.000 |
|     oled_buffer_reg_256_383_7_7     |     0.000 |
|     oled_buffer_reg_256_383_8_8     |     0.000 |
|     oled_buffer_reg_256_383_9_9     |     0.000 |
|     oled_buffer_reg_2688_2815_0_0   |    <0.001 |
|     oled_buffer_reg_2688_2815_10_10 |     0.000 |
|     oled_buffer_reg_2688_2815_11_11 |     0.000 |
|     oled_buffer_reg_2688_2815_12_12 |     0.000 |
|     oled_buffer_reg_2688_2815_13_13 |     0.000 |
|     oled_buffer_reg_2688_2815_14_14 |     0.000 |
|     oled_buffer_reg_2688_2815_15_15 |     0.000 |
|     oled_buffer_reg_2688_2815_1_1   |     0.000 |
|     oled_buffer_reg_2688_2815_2_2   |     0.000 |
|     oled_buffer_reg_2688_2815_3_3   |     0.000 |
|     oled_buffer_reg_2688_2815_4_4   |     0.000 |
|     oled_buffer_reg_2688_2815_5_5   |     0.000 |
|     oled_buffer_reg_2688_2815_6_6   |     0.000 |
|     oled_buffer_reg_2688_2815_7_7   |     0.000 |
|     oled_buffer_reg_2688_2815_8_8   |     0.000 |
|     oled_buffer_reg_2688_2815_9_9   |     0.000 |
|     oled_buffer_reg_2816_2943_0_0   |    <0.001 |
|     oled_buffer_reg_2816_2943_10_10 |     0.000 |
|     oled_buffer_reg_2816_2943_11_11 |     0.000 |
|     oled_buffer_reg_2816_2943_12_12 |     0.000 |
|     oled_buffer_reg_2816_2943_13_13 |     0.000 |
|     oled_buffer_reg_2816_2943_14_14 |     0.000 |
|     oled_buffer_reg_2816_2943_15_15 |     0.000 |
|     oled_buffer_reg_2816_2943_1_1   |     0.000 |
|     oled_buffer_reg_2816_2943_2_2   |     0.000 |
|     oled_buffer_reg_2816_2943_3_3   |     0.000 |
|     oled_buffer_reg_2816_2943_4_4   |     0.000 |
|     oled_buffer_reg_2816_2943_5_5   |     0.000 |
|     oled_buffer_reg_2816_2943_6_6   |     0.000 |
|     oled_buffer_reg_2816_2943_7_7   |     0.000 |
|     oled_buffer_reg_2816_2943_8_8   |     0.000 |
|     oled_buffer_reg_2816_2943_9_9   |     0.000 |
|     oled_buffer_reg_2944_3071_0_0   |    <0.001 |
|     oled_buffer_reg_2944_3071_10_10 |     0.000 |
|     oled_buffer_reg_2944_3071_11_11 |     0.000 |
|     oled_buffer_reg_2944_3071_12_12 |     0.000 |
|     oled_buffer_reg_2944_3071_13_13 |     0.000 |
|     oled_buffer_reg_2944_3071_14_14 |     0.000 |
|     oled_buffer_reg_2944_3071_15_15 |     0.000 |
|     oled_buffer_reg_2944_3071_1_1   |     0.000 |
|     oled_buffer_reg_2944_3071_2_2   |     0.000 |
|     oled_buffer_reg_2944_3071_3_3   |     0.000 |
|     oled_buffer_reg_2944_3071_4_4   |     0.000 |
|     oled_buffer_reg_2944_3071_5_5   |     0.000 |
|     oled_buffer_reg_2944_3071_6_6   |     0.000 |
|     oled_buffer_reg_2944_3071_7_7   |     0.000 |
|     oled_buffer_reg_2944_3071_8_8   |     0.000 |
|     oled_buffer_reg_2944_3071_9_9   |     0.000 |
|     oled_buffer_reg_3072_3199_0_0   |    <0.001 |
|     oled_buffer_reg_3072_3199_10_10 |     0.000 |
|     oled_buffer_reg_3072_3199_11_11 |     0.000 |
|     oled_buffer_reg_3072_3199_12_12 |     0.000 |
|     oled_buffer_reg_3072_3199_13_13 |     0.000 |
|     oled_buffer_reg_3072_3199_14_14 |     0.000 |
|     oled_buffer_reg_3072_3199_15_15 |     0.000 |
|     oled_buffer_reg_3072_3199_1_1   |     0.000 |
|     oled_buffer_reg_3072_3199_2_2   |     0.000 |
|     oled_buffer_reg_3072_3199_3_3   |     0.000 |
|     oled_buffer_reg_3072_3199_4_4   |     0.000 |
|     oled_buffer_reg_3072_3199_5_5   |     0.000 |
|     oled_buffer_reg_3072_3199_6_6   |     0.000 |
|     oled_buffer_reg_3072_3199_7_7   |     0.000 |
|     oled_buffer_reg_3072_3199_8_8   |     0.000 |
|     oled_buffer_reg_3072_3199_9_9   |     0.000 |
|     oled_buffer_reg_3200_3327_0_0   |    <0.001 |
|     oled_buffer_reg_3200_3327_10_10 |     0.000 |
|     oled_buffer_reg_3200_3327_11_11 |     0.000 |
|     oled_buffer_reg_3200_3327_12_12 |     0.000 |
|     oled_buffer_reg_3200_3327_13_13 |     0.000 |
|     oled_buffer_reg_3200_3327_14_14 |     0.000 |
|     oled_buffer_reg_3200_3327_15_15 |     0.000 |
|     oled_buffer_reg_3200_3327_1_1   |     0.000 |
|     oled_buffer_reg_3200_3327_2_2   |     0.000 |
|     oled_buffer_reg_3200_3327_3_3   |     0.000 |
|     oled_buffer_reg_3200_3327_4_4   |     0.000 |
|     oled_buffer_reg_3200_3327_5_5   |     0.000 |
|     oled_buffer_reg_3200_3327_6_6   |     0.000 |
|     oled_buffer_reg_3200_3327_7_7   |     0.000 |
|     oled_buffer_reg_3200_3327_8_8   |     0.000 |
|     oled_buffer_reg_3200_3327_9_9   |     0.000 |
|     oled_buffer_reg_3328_3455_0_0   |    <0.001 |
|     oled_buffer_reg_3328_3455_10_10 |     0.000 |
|     oled_buffer_reg_3328_3455_11_11 |     0.000 |
|     oled_buffer_reg_3328_3455_12_12 |     0.000 |
|     oled_buffer_reg_3328_3455_13_13 |     0.000 |
|     oled_buffer_reg_3328_3455_14_14 |     0.000 |
|     oled_buffer_reg_3328_3455_15_15 |     0.000 |
|     oled_buffer_reg_3328_3455_1_1   |     0.000 |
|     oled_buffer_reg_3328_3455_2_2   |     0.000 |
|     oled_buffer_reg_3328_3455_3_3   |     0.000 |
|     oled_buffer_reg_3328_3455_4_4   |     0.000 |
|     oled_buffer_reg_3328_3455_5_5   |     0.000 |
|     oled_buffer_reg_3328_3455_6_6   |     0.000 |
|     oled_buffer_reg_3328_3455_7_7   |     0.000 |
|     oled_buffer_reg_3328_3455_8_8   |     0.000 |
|     oled_buffer_reg_3328_3455_9_9   |     0.000 |
|     oled_buffer_reg_3456_3583_0_0   |    <0.001 |
|     oled_buffer_reg_3456_3583_10_10 |     0.000 |
|     oled_buffer_reg_3456_3583_11_11 |     0.000 |
|     oled_buffer_reg_3456_3583_12_12 |     0.000 |
|     oled_buffer_reg_3456_3583_13_13 |     0.000 |
|     oled_buffer_reg_3456_3583_14_14 |     0.000 |
|     oled_buffer_reg_3456_3583_15_15 |     0.000 |
|     oled_buffer_reg_3456_3583_1_1   |     0.000 |
|     oled_buffer_reg_3456_3583_2_2   |     0.000 |
|     oled_buffer_reg_3456_3583_3_3   |     0.000 |
|     oled_buffer_reg_3456_3583_4_4   |     0.000 |
|     oled_buffer_reg_3456_3583_5_5   |     0.000 |
|     oled_buffer_reg_3456_3583_6_6   |     0.000 |
|     oled_buffer_reg_3456_3583_7_7   |     0.000 |
|     oled_buffer_reg_3456_3583_8_8   |     0.000 |
|     oled_buffer_reg_3456_3583_9_9   |     0.000 |
|     oled_buffer_reg_3584_3711_0_0   |    <0.001 |
|     oled_buffer_reg_3584_3711_10_10 |     0.000 |
|     oled_buffer_reg_3584_3711_11_11 |     0.000 |
|     oled_buffer_reg_3584_3711_12_12 |     0.000 |
|     oled_buffer_reg_3584_3711_13_13 |     0.000 |
|     oled_buffer_reg_3584_3711_14_14 |     0.000 |
|     oled_buffer_reg_3584_3711_15_15 |     0.000 |
|     oled_buffer_reg_3584_3711_1_1   |     0.000 |
|     oled_buffer_reg_3584_3711_2_2   |     0.000 |
|     oled_buffer_reg_3584_3711_3_3   |     0.000 |
|     oled_buffer_reg_3584_3711_4_4   |     0.000 |
|     oled_buffer_reg_3584_3711_5_5   |     0.000 |
|     oled_buffer_reg_3584_3711_6_6   |     0.000 |
|     oled_buffer_reg_3584_3711_7_7   |     0.000 |
|     oled_buffer_reg_3584_3711_8_8   |     0.000 |
|     oled_buffer_reg_3584_3711_9_9   |     0.000 |
|     oled_buffer_reg_3712_3839_0_0   |    <0.001 |
|     oled_buffer_reg_3712_3839_10_10 |     0.000 |
|     oled_buffer_reg_3712_3839_11_11 |     0.000 |
|     oled_buffer_reg_3712_3839_12_12 |     0.000 |
|     oled_buffer_reg_3712_3839_13_13 |     0.000 |
|     oled_buffer_reg_3712_3839_14_14 |     0.000 |
|     oled_buffer_reg_3712_3839_15_15 |     0.000 |
|     oled_buffer_reg_3712_3839_1_1   |     0.000 |
|     oled_buffer_reg_3712_3839_2_2   |     0.000 |
|     oled_buffer_reg_3712_3839_3_3   |     0.000 |
|     oled_buffer_reg_3712_3839_4_4   |     0.000 |
|     oled_buffer_reg_3712_3839_5_5   |     0.000 |
|     oled_buffer_reg_3712_3839_6_6   |     0.000 |
|     oled_buffer_reg_3712_3839_7_7   |     0.000 |
|     oled_buffer_reg_3712_3839_8_8   |     0.000 |
|     oled_buffer_reg_3712_3839_9_9   |     0.000 |
|     oled_buffer_reg_3840_3967_0_0   |    <0.001 |
|     oled_buffer_reg_3840_3967_10_10 |     0.000 |
|     oled_buffer_reg_3840_3967_11_11 |     0.000 |
|     oled_buffer_reg_3840_3967_12_12 |     0.000 |
|     oled_buffer_reg_3840_3967_13_13 |     0.000 |
|     oled_buffer_reg_3840_3967_14_14 |     0.000 |
|     oled_buffer_reg_3840_3967_15_15 |     0.000 |
|     oled_buffer_reg_3840_3967_1_1   |     0.000 |
|     oled_buffer_reg_3840_3967_2_2   |     0.000 |
|     oled_buffer_reg_3840_3967_3_3   |     0.000 |
|     oled_buffer_reg_3840_3967_4_4   |     0.000 |
|     oled_buffer_reg_3840_3967_5_5   |     0.000 |
|     oled_buffer_reg_3840_3967_6_6   |     0.000 |
|     oled_buffer_reg_3840_3967_7_7   |     0.000 |
|     oled_buffer_reg_3840_3967_8_8   |     0.000 |
|     oled_buffer_reg_3840_3967_9_9   |     0.000 |
|     oled_buffer_reg_384_511_0_0     |    <0.001 |
|     oled_buffer_reg_384_511_10_10   |     0.000 |
|     oled_buffer_reg_384_511_11_11   |     0.000 |
|     oled_buffer_reg_384_511_12_12   |     0.000 |
|     oled_buffer_reg_384_511_13_13   |     0.000 |
|     oled_buffer_reg_384_511_14_14   |     0.000 |
|     oled_buffer_reg_384_511_15_15   |     0.000 |
|     oled_buffer_reg_384_511_1_1     |     0.000 |
|     oled_buffer_reg_384_511_2_2     |     0.000 |
|     oled_buffer_reg_384_511_3_3     |     0.000 |
|     oled_buffer_reg_384_511_4_4     |     0.000 |
|     oled_buffer_reg_384_511_5_5     |     0.000 |
|     oled_buffer_reg_384_511_6_6     |     0.000 |
|     oled_buffer_reg_384_511_7_7     |     0.000 |
|     oled_buffer_reg_384_511_8_8     |     0.000 |
|     oled_buffer_reg_384_511_9_9     |     0.000 |
|     oled_buffer_reg_3968_4095_0_0   |    <0.001 |
|     oled_buffer_reg_3968_4095_10_10 |     0.000 |
|     oled_buffer_reg_3968_4095_11_11 |     0.000 |
|     oled_buffer_reg_3968_4095_12_12 |     0.000 |
|     oled_buffer_reg_3968_4095_13_13 |     0.000 |
|     oled_buffer_reg_3968_4095_14_14 |     0.000 |
|     oled_buffer_reg_3968_4095_15_15 |     0.000 |
|     oled_buffer_reg_3968_4095_1_1   |     0.000 |
|     oled_buffer_reg_3968_4095_2_2   |     0.000 |
|     oled_buffer_reg_3968_4095_3_3   |     0.000 |
|     oled_buffer_reg_3968_4095_4_4   |     0.000 |
|     oled_buffer_reg_3968_4095_5_5   |     0.000 |
|     oled_buffer_reg_3968_4095_6_6   |     0.000 |
|     oled_buffer_reg_3968_4095_7_7   |     0.000 |
|     oled_buffer_reg_3968_4095_8_8   |     0.000 |
|     oled_buffer_reg_3968_4095_9_9   |     0.000 |
|     oled_buffer_reg_4096_4223_0_0   |    <0.001 |
|     oled_buffer_reg_4096_4223_10_10 |     0.000 |
|     oled_buffer_reg_4096_4223_11_11 |     0.000 |
|     oled_buffer_reg_4096_4223_12_12 |     0.000 |
|     oled_buffer_reg_4096_4223_13_13 |     0.000 |
|     oled_buffer_reg_4096_4223_14_14 |     0.000 |
|     oled_buffer_reg_4096_4223_15_15 |     0.000 |
|     oled_buffer_reg_4096_4223_1_1   |     0.000 |
|     oled_buffer_reg_4096_4223_2_2   |     0.000 |
|     oled_buffer_reg_4096_4223_3_3   |     0.000 |
|     oled_buffer_reg_4096_4223_4_4   |     0.000 |
|     oled_buffer_reg_4096_4223_5_5   |     0.000 |
|     oled_buffer_reg_4096_4223_6_6   |     0.000 |
|     oled_buffer_reg_4096_4223_7_7   |     0.000 |
|     oled_buffer_reg_4096_4223_8_8   |     0.000 |
|     oled_buffer_reg_4096_4223_9_9   |     0.000 |
|     oled_buffer_reg_4224_4351_0_0   |    <0.001 |
|     oled_buffer_reg_4224_4351_10_10 |     0.000 |
|     oled_buffer_reg_4224_4351_11_11 |     0.000 |
|     oled_buffer_reg_4224_4351_12_12 |     0.000 |
|     oled_buffer_reg_4224_4351_13_13 |     0.000 |
|     oled_buffer_reg_4224_4351_14_14 |     0.000 |
|     oled_buffer_reg_4224_4351_15_15 |     0.000 |
|     oled_buffer_reg_4224_4351_1_1   |     0.000 |
|     oled_buffer_reg_4224_4351_2_2   |     0.000 |
|     oled_buffer_reg_4224_4351_3_3   |     0.000 |
|     oled_buffer_reg_4224_4351_4_4   |     0.000 |
|     oled_buffer_reg_4224_4351_5_5   |     0.000 |
|     oled_buffer_reg_4224_4351_6_6   |     0.000 |
|     oled_buffer_reg_4224_4351_7_7   |     0.000 |
|     oled_buffer_reg_4224_4351_8_8   |     0.000 |
|     oled_buffer_reg_4224_4351_9_9   |     0.000 |
|     oled_buffer_reg_4352_4479_0_0   |    <0.001 |
|     oled_buffer_reg_4352_4479_10_10 |     0.000 |
|     oled_buffer_reg_4352_4479_11_11 |     0.000 |
|     oled_buffer_reg_4352_4479_12_12 |     0.000 |
|     oled_buffer_reg_4352_4479_13_13 |     0.000 |
|     oled_buffer_reg_4352_4479_14_14 |     0.000 |
|     oled_buffer_reg_4352_4479_15_15 |     0.000 |
|     oled_buffer_reg_4352_4479_1_1   |     0.000 |
|     oled_buffer_reg_4352_4479_2_2   |     0.000 |
|     oled_buffer_reg_4352_4479_3_3   |     0.000 |
|     oled_buffer_reg_4352_4479_4_4   |     0.000 |
|     oled_buffer_reg_4352_4479_5_5   |     0.000 |
|     oled_buffer_reg_4352_4479_6_6   |     0.000 |
|     oled_buffer_reg_4352_4479_7_7   |     0.000 |
|     oled_buffer_reg_4352_4479_8_8   |     0.000 |
|     oled_buffer_reg_4352_4479_9_9   |     0.000 |
|     oled_buffer_reg_4480_4607_0_0   |    <0.001 |
|     oled_buffer_reg_4480_4607_10_10 |     0.000 |
|     oled_buffer_reg_4480_4607_11_11 |     0.000 |
|     oled_buffer_reg_4480_4607_12_12 |     0.000 |
|     oled_buffer_reg_4480_4607_13_13 |     0.000 |
|     oled_buffer_reg_4480_4607_14_14 |     0.000 |
|     oled_buffer_reg_4480_4607_15_15 |     0.000 |
|     oled_buffer_reg_4480_4607_1_1   |     0.000 |
|     oled_buffer_reg_4480_4607_2_2   |     0.000 |
|     oled_buffer_reg_4480_4607_3_3   |     0.000 |
|     oled_buffer_reg_4480_4607_4_4   |     0.000 |
|     oled_buffer_reg_4480_4607_5_5   |     0.000 |
|     oled_buffer_reg_4480_4607_6_6   |     0.000 |
|     oled_buffer_reg_4480_4607_7_7   |     0.000 |
|     oled_buffer_reg_4480_4607_8_8   |     0.000 |
|     oled_buffer_reg_4480_4607_9_9   |     0.000 |
|     oled_buffer_reg_4608_4735_0_0   |    <0.001 |
|     oled_buffer_reg_4608_4735_10_10 |     0.000 |
|     oled_buffer_reg_4608_4735_11_11 |     0.000 |
|     oled_buffer_reg_4608_4735_12_12 |     0.000 |
|     oled_buffer_reg_4608_4735_13_13 |     0.000 |
|     oled_buffer_reg_4608_4735_14_14 |     0.000 |
|     oled_buffer_reg_4608_4735_15_15 |     0.000 |
|     oled_buffer_reg_4608_4735_1_1   |     0.000 |
|     oled_buffer_reg_4608_4735_2_2   |     0.000 |
|     oled_buffer_reg_4608_4735_3_3   |     0.000 |
|     oled_buffer_reg_4608_4735_4_4   |     0.000 |
|     oled_buffer_reg_4608_4735_5_5   |     0.000 |
|     oled_buffer_reg_4608_4735_6_6   |     0.000 |
|     oled_buffer_reg_4608_4735_7_7   |     0.000 |
|     oled_buffer_reg_4608_4735_8_8   |     0.000 |
|     oled_buffer_reg_4608_4735_9_9   |     0.000 |
|     oled_buffer_reg_4736_4863_0_0   |    <0.001 |
|     oled_buffer_reg_4736_4863_10_10 |     0.000 |
|     oled_buffer_reg_4736_4863_11_11 |     0.000 |
|     oled_buffer_reg_4736_4863_12_12 |     0.000 |
|     oled_buffer_reg_4736_4863_13_13 |     0.000 |
|     oled_buffer_reg_4736_4863_14_14 |     0.000 |
|     oled_buffer_reg_4736_4863_15_15 |     0.000 |
|     oled_buffer_reg_4736_4863_1_1   |     0.000 |
|     oled_buffer_reg_4736_4863_2_2   |     0.000 |
|     oled_buffer_reg_4736_4863_3_3   |     0.000 |
|     oled_buffer_reg_4736_4863_4_4   |     0.000 |
|     oled_buffer_reg_4736_4863_5_5   |     0.000 |
|     oled_buffer_reg_4736_4863_6_6   |     0.000 |
|     oled_buffer_reg_4736_4863_7_7   |     0.000 |
|     oled_buffer_reg_4736_4863_8_8   |     0.000 |
|     oled_buffer_reg_4736_4863_9_9   |     0.000 |
|     oled_buffer_reg_4864_4991_0_0   |    <0.001 |
|     oled_buffer_reg_4864_4991_10_10 |     0.000 |
|     oled_buffer_reg_4864_4991_11_11 |     0.000 |
|     oled_buffer_reg_4864_4991_12_12 |     0.000 |
|     oled_buffer_reg_4864_4991_13_13 |     0.000 |
|     oled_buffer_reg_4864_4991_14_14 |     0.000 |
|     oled_buffer_reg_4864_4991_15_15 |     0.000 |
|     oled_buffer_reg_4864_4991_1_1   |     0.000 |
|     oled_buffer_reg_4864_4991_2_2   |     0.000 |
|     oled_buffer_reg_4864_4991_3_3   |     0.000 |
|     oled_buffer_reg_4864_4991_4_4   |     0.000 |
|     oled_buffer_reg_4864_4991_5_5   |     0.000 |
|     oled_buffer_reg_4864_4991_6_6   |     0.000 |
|     oled_buffer_reg_4864_4991_7_7   |     0.000 |
|     oled_buffer_reg_4864_4991_8_8   |     0.000 |
|     oled_buffer_reg_4864_4991_9_9   |     0.000 |
|     oled_buffer_reg_4992_5119_0_0   |    <0.001 |
|     oled_buffer_reg_4992_5119_10_10 |     0.000 |
|     oled_buffer_reg_4992_5119_11_11 |     0.000 |
|     oled_buffer_reg_4992_5119_12_12 |     0.000 |
|     oled_buffer_reg_4992_5119_13_13 |     0.000 |
|     oled_buffer_reg_4992_5119_14_14 |     0.000 |
|     oled_buffer_reg_4992_5119_15_15 |     0.000 |
|     oled_buffer_reg_4992_5119_1_1   |     0.000 |
|     oled_buffer_reg_4992_5119_2_2   |     0.000 |
|     oled_buffer_reg_4992_5119_3_3   |     0.000 |
|     oled_buffer_reg_4992_5119_4_4   |     0.000 |
|     oled_buffer_reg_4992_5119_5_5   |     0.000 |
|     oled_buffer_reg_4992_5119_6_6   |     0.000 |
|     oled_buffer_reg_4992_5119_7_7   |     0.000 |
|     oled_buffer_reg_4992_5119_8_8   |     0.000 |
|     oled_buffer_reg_4992_5119_9_9   |     0.000 |
|     oled_buffer_reg_5120_5247_0_0   |    <0.001 |
|     oled_buffer_reg_5120_5247_10_10 |     0.000 |
|     oled_buffer_reg_5120_5247_11_11 |     0.000 |
|     oled_buffer_reg_5120_5247_12_12 |     0.000 |
|     oled_buffer_reg_5120_5247_13_13 |     0.000 |
|     oled_buffer_reg_5120_5247_14_14 |     0.000 |
|     oled_buffer_reg_5120_5247_15_15 |     0.000 |
|     oled_buffer_reg_5120_5247_1_1   |     0.000 |
|     oled_buffer_reg_5120_5247_2_2   |     0.000 |
|     oled_buffer_reg_5120_5247_3_3   |     0.000 |
|     oled_buffer_reg_5120_5247_4_4   |     0.000 |
|     oled_buffer_reg_5120_5247_5_5   |     0.000 |
|     oled_buffer_reg_5120_5247_6_6   |     0.000 |
|     oled_buffer_reg_5120_5247_7_7   |     0.000 |
|     oled_buffer_reg_5120_5247_8_8   |     0.000 |
|     oled_buffer_reg_5120_5247_9_9   |     0.000 |
|     oled_buffer_reg_512_639_0_0     |    <0.001 |
|     oled_buffer_reg_512_639_10_10   |     0.000 |
|     oled_buffer_reg_512_639_11_11   |     0.000 |
|     oled_buffer_reg_512_639_12_12   |     0.000 |
|     oled_buffer_reg_512_639_13_13   |     0.000 |
|     oled_buffer_reg_512_639_14_14   |     0.000 |
|     oled_buffer_reg_512_639_15_15   |     0.000 |
|     oled_buffer_reg_512_639_1_1     |     0.000 |
|     oled_buffer_reg_512_639_2_2     |     0.000 |
|     oled_buffer_reg_512_639_3_3     |     0.000 |
|     oled_buffer_reg_512_639_4_4     |     0.000 |
|     oled_buffer_reg_512_639_5_5     |     0.000 |
|     oled_buffer_reg_512_639_6_6     |     0.000 |
|     oled_buffer_reg_512_639_7_7     |     0.000 |
|     oled_buffer_reg_512_639_8_8     |     0.000 |
|     oled_buffer_reg_512_639_9_9     |     0.000 |
|     oled_buffer_reg_5248_5375_0_0   |    <0.001 |
|     oled_buffer_reg_5248_5375_10_10 |     0.000 |
|     oled_buffer_reg_5248_5375_11_11 |     0.000 |
|     oled_buffer_reg_5248_5375_12_12 |     0.000 |
|     oled_buffer_reg_5248_5375_13_13 |     0.000 |
|     oled_buffer_reg_5248_5375_14_14 |     0.000 |
|     oled_buffer_reg_5248_5375_15_15 |     0.000 |
|     oled_buffer_reg_5248_5375_1_1   |     0.000 |
|     oled_buffer_reg_5248_5375_2_2   |     0.000 |
|     oled_buffer_reg_5248_5375_3_3   |     0.000 |
|     oled_buffer_reg_5248_5375_4_4   |     0.000 |
|     oled_buffer_reg_5248_5375_5_5   |     0.000 |
|     oled_buffer_reg_5248_5375_6_6   |     0.000 |
|     oled_buffer_reg_5248_5375_7_7   |     0.000 |
|     oled_buffer_reg_5248_5375_8_8   |     0.000 |
|     oled_buffer_reg_5248_5375_9_9   |     0.000 |
|     oled_buffer_reg_5376_5503_0_0   |    <0.001 |
|     oled_buffer_reg_5376_5503_10_10 |     0.000 |
|     oled_buffer_reg_5376_5503_11_11 |     0.000 |
|     oled_buffer_reg_5376_5503_12_12 |     0.000 |
|     oled_buffer_reg_5376_5503_13_13 |     0.000 |
|     oled_buffer_reg_5376_5503_14_14 |     0.000 |
|     oled_buffer_reg_5376_5503_15_15 |     0.000 |
|     oled_buffer_reg_5376_5503_1_1   |     0.000 |
|     oled_buffer_reg_5376_5503_2_2   |     0.000 |
|     oled_buffer_reg_5376_5503_3_3   |     0.000 |
|     oled_buffer_reg_5376_5503_4_4   |     0.000 |
|     oled_buffer_reg_5376_5503_5_5   |     0.000 |
|     oled_buffer_reg_5376_5503_6_6   |     0.000 |
|     oled_buffer_reg_5376_5503_7_7   |     0.000 |
|     oled_buffer_reg_5376_5503_8_8   |     0.000 |
|     oled_buffer_reg_5376_5503_9_9   |     0.000 |
|     oled_buffer_reg_5504_5631_0_0   |    <0.001 |
|     oled_buffer_reg_5504_5631_10_10 |     0.000 |
|     oled_buffer_reg_5504_5631_11_11 |     0.000 |
|     oled_buffer_reg_5504_5631_12_12 |     0.000 |
|     oled_buffer_reg_5504_5631_13_13 |     0.000 |
|     oled_buffer_reg_5504_5631_14_14 |     0.000 |
|     oled_buffer_reg_5504_5631_15_15 |     0.000 |
|     oled_buffer_reg_5504_5631_1_1   |     0.000 |
|     oled_buffer_reg_5504_5631_2_2   |     0.000 |
|     oled_buffer_reg_5504_5631_3_3   |     0.000 |
|     oled_buffer_reg_5504_5631_4_4   |     0.000 |
|     oled_buffer_reg_5504_5631_5_5   |     0.000 |
|     oled_buffer_reg_5504_5631_6_6   |     0.000 |
|     oled_buffer_reg_5504_5631_7_7   |     0.000 |
|     oled_buffer_reg_5504_5631_8_8   |     0.000 |
|     oled_buffer_reg_5504_5631_9_9   |     0.000 |
|     oled_buffer_reg_5632_5759_0_0   |    <0.001 |
|     oled_buffer_reg_5632_5759_10_10 |     0.000 |
|     oled_buffer_reg_5632_5759_11_11 |     0.000 |
|     oled_buffer_reg_5632_5759_12_12 |     0.000 |
|     oled_buffer_reg_5632_5759_13_13 |     0.000 |
|     oled_buffer_reg_5632_5759_14_14 |     0.000 |
|     oled_buffer_reg_5632_5759_15_15 |     0.000 |
|     oled_buffer_reg_5632_5759_1_1   |     0.000 |
|     oled_buffer_reg_5632_5759_2_2   |     0.000 |
|     oled_buffer_reg_5632_5759_3_3   |     0.000 |
|     oled_buffer_reg_5632_5759_4_4   |     0.000 |
|     oled_buffer_reg_5632_5759_5_5   |     0.000 |
|     oled_buffer_reg_5632_5759_6_6   |     0.000 |
|     oled_buffer_reg_5632_5759_7_7   |     0.000 |
|     oled_buffer_reg_5632_5759_8_8   |     0.000 |
|     oled_buffer_reg_5632_5759_9_9   |     0.000 |
|     oled_buffer_reg_5760_5887_0_0   |    <0.001 |
|     oled_buffer_reg_5760_5887_10_10 |     0.000 |
|     oled_buffer_reg_5760_5887_11_11 |     0.000 |
|     oled_buffer_reg_5760_5887_12_12 |     0.000 |
|     oled_buffer_reg_5760_5887_13_13 |     0.000 |
|     oled_buffer_reg_5760_5887_14_14 |     0.000 |
|     oled_buffer_reg_5760_5887_15_15 |     0.000 |
|     oled_buffer_reg_5760_5887_1_1   |     0.000 |
|     oled_buffer_reg_5760_5887_2_2   |     0.000 |
|     oled_buffer_reg_5760_5887_3_3   |     0.000 |
|     oled_buffer_reg_5760_5887_4_4   |     0.000 |
|     oled_buffer_reg_5760_5887_5_5   |     0.000 |
|     oled_buffer_reg_5760_5887_6_6   |     0.000 |
|     oled_buffer_reg_5760_5887_7_7   |     0.000 |
|     oled_buffer_reg_5760_5887_8_8   |     0.000 |
|     oled_buffer_reg_5760_5887_9_9   |     0.000 |
|     oled_buffer_reg_5888_6015_0_0   |    <0.001 |
|     oled_buffer_reg_5888_6015_10_10 |     0.000 |
|     oled_buffer_reg_5888_6015_11_11 |     0.000 |
|     oled_buffer_reg_5888_6015_12_12 |     0.000 |
|     oled_buffer_reg_5888_6015_13_13 |     0.000 |
|     oled_buffer_reg_5888_6015_14_14 |     0.000 |
|     oled_buffer_reg_5888_6015_15_15 |     0.000 |
|     oled_buffer_reg_5888_6015_1_1   |     0.000 |
|     oled_buffer_reg_5888_6015_2_2   |     0.000 |
|     oled_buffer_reg_5888_6015_3_3   |     0.000 |
|     oled_buffer_reg_5888_6015_4_4   |     0.000 |
|     oled_buffer_reg_5888_6015_5_5   |     0.000 |
|     oled_buffer_reg_5888_6015_6_6   |     0.000 |
|     oled_buffer_reg_5888_6015_7_7   |     0.000 |
|     oled_buffer_reg_5888_6015_8_8   |     0.000 |
|     oled_buffer_reg_5888_6015_9_9   |     0.000 |
|     oled_buffer_reg_6016_6143_0_0   |    <0.001 |
|     oled_buffer_reg_6016_6143_10_10 |     0.000 |
|     oled_buffer_reg_6016_6143_11_11 |     0.000 |
|     oled_buffer_reg_6016_6143_12_12 |     0.000 |
|     oled_buffer_reg_6016_6143_13_13 |     0.000 |
|     oled_buffer_reg_6016_6143_14_14 |     0.000 |
|     oled_buffer_reg_6016_6143_15_15 |     0.000 |
|     oled_buffer_reg_6016_6143_1_1   |     0.000 |
|     oled_buffer_reg_6016_6143_2_2   |     0.000 |
|     oled_buffer_reg_6016_6143_3_3   |     0.000 |
|     oled_buffer_reg_6016_6143_4_4   |     0.000 |
|     oled_buffer_reg_6016_6143_5_5   |     0.000 |
|     oled_buffer_reg_6016_6143_6_6   |     0.000 |
|     oled_buffer_reg_6016_6143_7_7   |     0.000 |
|     oled_buffer_reg_6016_6143_8_8   |     0.000 |
|     oled_buffer_reg_6016_6143_9_9   |     0.000 |
|     oled_buffer_reg_640_767_0_0     |    <0.001 |
|     oled_buffer_reg_640_767_10_10   |     0.000 |
|     oled_buffer_reg_640_767_11_11   |     0.000 |
|     oled_buffer_reg_640_767_12_12   |     0.000 |
|     oled_buffer_reg_640_767_13_13   |     0.000 |
|     oled_buffer_reg_640_767_14_14   |     0.000 |
|     oled_buffer_reg_640_767_15_15   |     0.000 |
|     oled_buffer_reg_640_767_1_1     |     0.000 |
|     oled_buffer_reg_640_767_2_2     |     0.000 |
|     oled_buffer_reg_640_767_3_3     |     0.000 |
|     oled_buffer_reg_640_767_4_4     |     0.000 |
|     oled_buffer_reg_640_767_5_5     |     0.000 |
|     oled_buffer_reg_640_767_6_6     |     0.000 |
|     oled_buffer_reg_640_767_7_7     |     0.000 |
|     oled_buffer_reg_640_767_8_8     |     0.000 |
|     oled_buffer_reg_640_767_9_9     |     0.000 |
|     oled_buffer_reg_768_895_0_0     |    <0.001 |
|     oled_buffer_reg_768_895_10_10   |     0.000 |
|     oled_buffer_reg_768_895_11_11   |     0.000 |
|     oled_buffer_reg_768_895_12_12   |     0.000 |
|     oled_buffer_reg_768_895_13_13   |     0.000 |
|     oled_buffer_reg_768_895_14_14   |     0.000 |
|     oled_buffer_reg_768_895_15_15   |     0.000 |
|     oled_buffer_reg_768_895_1_1     |     0.000 |
|     oled_buffer_reg_768_895_2_2     |     0.000 |
|     oled_buffer_reg_768_895_3_3     |     0.000 |
|     oled_buffer_reg_768_895_4_4     |     0.000 |
|     oled_buffer_reg_768_895_5_5     |     0.000 |
|     oled_buffer_reg_768_895_6_6     |     0.000 |
|     oled_buffer_reg_768_895_7_7     |     0.000 |
|     oled_buffer_reg_768_895_8_8     |     0.000 |
|     oled_buffer_reg_768_895_9_9     |     0.000 |
|     oled_buffer_reg_896_1023_0_0    |    <0.001 |
|     oled_buffer_reg_896_1023_10_10  |     0.000 |
|     oled_buffer_reg_896_1023_11_11  |     0.000 |
|     oled_buffer_reg_896_1023_12_12  |     0.000 |
|     oled_buffer_reg_896_1023_13_13  |     0.000 |
|     oled_buffer_reg_896_1023_14_14  |     0.000 |
|     oled_buffer_reg_896_1023_15_15  |     0.000 |
|     oled_buffer_reg_896_1023_1_1    |     0.000 |
|     oled_buffer_reg_896_1023_2_2    |     0.000 |
|     oled_buffer_reg_896_1023_3_3    |     0.000 |
|     oled_buffer_reg_896_1023_4_4    |     0.000 |
|     oled_buffer_reg_896_1023_5_5    |     0.000 |
|     oled_buffer_reg_896_1023_6_6    |     0.000 |
|     oled_buffer_reg_896_1023_7_7    |     0.000 |
|     oled_buffer_reg_896_1023_8_8    |     0.000 |
|     oled_buffer_reg_896_1023_9_9    |     0.000 |
|     ram                             |     0.002 |
|       memory0_reg_13056_13311_0_0   |    <0.001 |
|       memory0_reg_13056_13311_10_10 |    <0.001 |
|       memory0_reg_13056_13311_11_11 |    <0.001 |
|       memory0_reg_13056_13311_12_12 |    <0.001 |
|       memory0_reg_13056_13311_13_13 |    <0.001 |
|       memory0_reg_13056_13311_14_14 |    <0.001 |
|       memory0_reg_13056_13311_15_15 |    <0.001 |
|       memory0_reg_13056_13311_16_16 |    <0.001 |
|       memory0_reg_13056_13311_17_17 |    <0.001 |
|       memory0_reg_13056_13311_18_18 |    <0.001 |
|       memory0_reg_13056_13311_19_19 |    <0.001 |
|       memory0_reg_13056_13311_1_1   |    <0.001 |
|       memory0_reg_13056_13311_20_20 |    <0.001 |
|       memory0_reg_13056_13311_21_21 |    <0.001 |
|       memory0_reg_13056_13311_22_22 |    <0.001 |
|       memory0_reg_13056_13311_23_23 |    <0.001 |
|       memory0_reg_13056_13311_24_24 |    <0.001 |
|       memory0_reg_13056_13311_25_25 |    <0.001 |
|       memory0_reg_13056_13311_26_26 |    <0.001 |
|       memory0_reg_13056_13311_27_27 |    <0.001 |
|       memory0_reg_13056_13311_28_28 |    <0.001 |
|       memory0_reg_13056_13311_29_29 |    <0.001 |
|       memory0_reg_13056_13311_2_2   |    <0.001 |
|       memory0_reg_13056_13311_30_30 |    <0.001 |
|       memory0_reg_13056_13311_31_31 |    <0.001 |
|       memory0_reg_13056_13311_3_3   |    <0.001 |
|       memory0_reg_13056_13311_4_4   |    <0.001 |
|       memory0_reg_13056_13311_5_5   |    <0.001 |
|       memory0_reg_13056_13311_6_6   |    <0.001 |
|       memory0_reg_13056_13311_7_7   |    <0.001 |
|       memory0_reg_13056_13311_8_8   |    <0.001 |
|       memory0_reg_13056_13311_9_9   |    <0.001 |
|   od                                |     0.007 |
|   vc                                |     0.001 |
+-------------------------------------+-----------+


